app/build/intermediates/manifest_merge_blame_file/debug/processDebugMainManifest/manifest-merger-blame-debug-report.txt
1<?xml version="1.0" encoding="utf-8"?>
2<manifest xmlns:android="http://schemas.android.com/apk/res/android"
3    package="com.ferreteria.rf"
4    android:versionCode="1"
5    android:versionName="1.0" >
6
7    <uses-sdk
8        android:minSdkVersion="21"
9        android:targetSdkVersion="34" />
10
11    <permission
11-->[androidx.core:core:1.9.0] AndroidManifest.xml:22:5-24:47
12        android:name="com.ferreteria.rf.DYNAMIC_RECEIVER_NOT_EXPORTED_PERMISSION"
12-->[androidx.core:core:1.9.0] AndroidManifest.xml:23:9-81
13        android:protectionLevel="signature" />
13-->[androidx.core:core:1.9.0] AndroidManifest.xml:24:9-44
14
15    <uses-permission android:name="com.ferreteria.rf.DYNAMIC_RECEIVER_NOT_EXPORTED_PERMISSION" />
15-->[androidx.core:core:1.9.0] AndroidManifest.xml:26:5-97
15-->[androidx.core:core:1.9.0] AndroidManifest.xml:26:22-94
16
17    <application
17-->src\main\AndroidManifest.xml:6:5-65:19
18        android:allowBackup="true"
18-->src\main\AndroidManifest.xml:7:9-35
19        android:appComponentFactory="androidx.core.app.CoreComponentFactory"
19-->[androidx.core:core:1.9.0] AndroidManifest.xml:28:18-86
20        android:debuggable="true"
21        android:extractNativeLibs="true"
22        android:icon="@mipmap/ic_launcher"
22-->src\main\AndroidManifest.xml:8:9-43
23        android:label="@string/app_name"
23-->src\main\AndroidManifest.xml:9:9-41
24        android:roundIcon="@mipmap/ic_launcher_round"
24-->src\main\AndroidManifest.xml:10:9-54
25        android:supportsRtl="true"
25-->src\main\AndroidManifest.xml:11:9-35
26        android:testOnly="true"
27        android:theme="@style/Theme.FerreteriaRF" >
27-->src\main\AndroidManifest.xml:12:9-50
28        <activity
28-->src\main\AndroidManifest.xml:15:9-23:20
29            android:name="com.ferreteria.rf.MainActivity"
29-->src\main\AndroidManifest.xml:16:13-41
30            android:exported="true"
30-->src\main\AndroidManifest.xml:17:13-36
31            android:theme="@style/Theme.FerreteriaRF" >
31-->src\main\AndroidManifest.xml:18:13-54
32            <intent-filter>
32-->src\main\AndroidManifest.xml:19:13-22:29
33                <action android:name="android.intent.action.MAIN" />
33-->src\main\AndroidManifest.xml:20:17-69
33-->src\main\AndroidManifest.xml:20:25-66
34
35                <category android:name="android.intent.category.LAUNCHER" />
35-->src\main\AndroidManifest.xml:21:17-77
35-->src\main\AndroidManifest.xml:21:27-74
36            </intent-filter>
37        </activity>
38        <activity
38-->src\main\AndroidManifest.xml:25:9-28:58
39            android:name="com.ferreteria.rf.activities.ClientActivity"
39-->src\main\AndroidManifest.xml:26:13-54
40            android:exported="false"
40-->src\main\AndroidManifest.xml:27:13-37
41            android:parentActivityName="com.ferreteria.rf.MainActivity" />
41-->src\main\AndroidManifest.xml:28:13-55
42        <activity
42-->src\main\AndroidManifest.xml:30:9-33:58
43            android:name="com.ferreteria.rf.activities.ProductActivity"
43-->src\main\AndroidManifest.xml:31:13-55
44            android:exported="false"
44-->src\main\AndroidManifest.xml:32:13-37
45            android:parentActivityName="com.ferreteria.rf.MainActivity" />
45-->src\main\AndroidManifest.xml:33:13-55
46        <activity
46-->src\main\AndroidManifest.xml:35:9-38:58
47            android:name="com.ferreteria.rf.activities.OrderActivity"
47-->src\main\AndroidManifest.xml:36:13-53
48            android:exported="false"
48-->src\main\AndroidManifest.xml:37:13-37
49            android:parentActivityName="com.ferreteria.rf.MainActivity" />
49-->src\main\AndroidManifest.xml:38:13-55
50        <activity
50-->src\main\AndroidManifest.xml:40:9-43:58
51            android:name="com.ferreteria.rf.activities.InvoiceActivity"
51-->src\main\AndroidManifest.xml:41:13-55
52            android:exported="false"
52-->src\main\AndroidManifest.xml:42:13-37
53            android:parentActivityName="com.ferreteria.rf.MainActivity" />
53-->src\main\AndroidManifest.xml:43:13-55
54        <activity
54-->src\main\AndroidManifest.xml:45:9-48:71
55            android:name="com.ferreteria.rf.activities.AddEditClientActivity"
55-->src\main\AndroidManifest.xml:46:13-61
56            android:exported="false"
56-->src\main\AndroidManifest.xml:47:13-37
57            android:parentActivityName="com.ferreteria.rf.activities.ClientActivity" />
57-->src\main\AndroidManifest.xml:48:13-68
58        <activity
58-->src\main\AndroidManifest.xml:50:9-53:72
59            android:name="com.ferreteria.rf.activities.AddEditProductActivity"
59-->src\main\AndroidManifest.xml:51:13-62
60            android:exported="false"
60-->src\main\AndroidManifest.xml:52:13-37
61            android:parentActivityName="com.ferreteria.rf.activities.ProductActivity" />
61-->src\main\AndroidManifest.xml:53:13-69
62        <activity
62-->src\main\AndroidManifest.xml:55:9-58:70
63            android:name="com.ferreteria.rf.activities.AddEditOrderActivity"
63-->src\main\AndroidManifest.xml:56:13-60
64            android:exported="false"
64-->src\main\AndroidManifest.xml:57:13-37
65            android:parentActivityName="com.ferreteria.rf.activities.OrderActivity" />
65-->src\main\AndroidManifest.xml:58:13-67
66        <activity
66-->src\main\AndroidManifest.xml:60:9-63:72
67            android:name="com.ferreteria.rf.activities.AddEditInvoiceActivity"
67-->src\main\AndroidManifest.xml:61:13-62
68            android:exported="false"
68-->src\main\AndroidManifest.xml:62:13-37
69            android:parentActivityName="com.ferreteria.rf.activities.InvoiceActivity" />
69-->src\main\AndroidManifest.xml:63:13-69
70
71        <provider
71-->[androidx.emoji2:emoji2:1.2.0] AndroidManifest.xml:24:9-32:20
72            android:name="androidx.startup.InitializationProvider"
72-->[androidx.emoji2:emoji2:1.2.0] AndroidManifest.xml:25:13-67
73            android:authorities="com.ferreteria.rf.androidx-startup"
73-->[androidx.emoji2:emoji2:1.2.0] AndroidManifest.xml:26:13-68
74            android:exported="false" >
74-->[androidx.emoji2:emoji2:1.2.0] AndroidManifest.xml:27:13-37
75            <meta-data
75-->[androidx.emoji2:emoji2:1.2.0] AndroidManifest.xml:29:13-31:52
76                android:name="androidx.emoji2.text.EmojiCompatInitializer"
76-->[androidx.emoji2:emoji2:1.2.0] AndroidManifest.xml:30:17-75
77                android:value="androidx.startup" />
77-->[androidx.emoji2:emoji2:1.2.0] AndroidManifest.xml:31:17-49
78            <meta-data
78-->[androidx.lifecycle:lifecycle-process:2.6.1] AndroidManifest.xml:29:13-31:52
79                android:name="androidx.lifecycle.ProcessLifecycleInitializer"
79-->[androidx.lifecycle:lifecycle-process:2.6.1] AndroidManifest.xml:30:17-78
80                android:value="androidx.startup" />
80-->[androidx.lifecycle:lifecycle-process:2.6.1] AndroidManifest.xml:31:17-49
81            <meta-data
81-->[androidx.profileinstaller:profileinstaller:1.3.0] AndroidManifest.xml:29:13-31:52
82                android:name="androidx.profileinstaller.ProfileInstallerInitializer"
82-->[androidx.profileinstaller:profileinstaller:1.3.0] AndroidManifest.xml:30:17-85
83                android:value="androidx.startup" />
83-->[androidx.profileinstaller:profileinstaller:1.3.0] AndroidManifest.xml:31:17-49
84        </provider>
85
86        <receiver
86-->[androidx.profileinstaller:profileinstaller:1.3.0] AndroidManifest.xml:34:9-52:20
87            android:name="androidx.profileinstaller.ProfileInstallReceiver"
87-->[androidx.profileinstaller:profileinstaller:1.3.0] AndroidManifest.xml:35:13-76
88            android:directBootAware="false"
88-->[androidx.profileinstaller:profileinstaller:1.3.0] AndroidManifest.xml:36:13-44
89            android:enabled="true"
89-->[androidx.profileinstaller:profileinstaller:1.3.0] AndroidManifest.xml:37:13-35
90            android:exported="true"
90-->[androidx.profileinstaller:profileinstaller:1.3.0] AndroidManifest.xml:38:13-36
91            android:permission="android.permission.DUMP" >
91-->[androidx.profileinstaller:profileinstaller:1.3.0] AndroidManifest.xml:39:13-57
92            <intent-filter>
92-->[androidx.profileinstaller:profileinstaller:1.3.0] AndroidManifest.xml:40:13-42:29
93                <action android:name="androidx.profileinstaller.action.INSTALL_PROFILE" />
93-->[androidx.profileinstaller:profileinstaller:1.3.0] AndroidManifest.xml:41:17-91
93-->[androidx.profileinstaller:profileinstaller:1.3.0] AndroidManifest.xml:41:25-88
94            </intent-filter>
95            <intent-filter>
95-->[androidx.profileinstaller:profileinstaller:1.3.0] AndroidManifest.xml:43:13-45:29
96                <action android:name="androidx.profileinstaller.action.SKIP_FILE" />
96-->[androidx.profileinstaller:profileinstaller:1.3.0] AndroidManifest.xml:44:17-85
96-->[androidx.profileinstaller:profileinstaller:1.3.0] AndroidManifest.xml:44:25-82
97            </intent-filter>
98            <intent-filter>
98-->[androidx.profileinstaller:profileinstaller:1.3.0] AndroidManifest.xml:46:13-48:29
99                <action android:name="androidx.profileinstaller.action.SAVE_PROFILE" />
99-->[androidx.profileinstaller:profileinstaller:1.3.0] AndroidManifest.xml:47:17-88
99-->[androidx.profileinstaller:profileinstaller:1.3.0] AndroidManifest.xml:47:25-85
100            </intent-filter>
101            <intent-filter>
101-->[androidx.profileinstaller:profileinstaller:1.3.0] AndroidManifest.xml:49:13-51:29
102                <action android:name="androidx.profileinstaller.action.BENCHMARK_OPERATION" />
102-->[androidx.profileinstaller:profileinstaller:1.3.0] AndroidManifest.xml:50:17-95
102-->[androidx.profileinstaller:profileinstaller:1.3.0] AndroidManifest.xml:50:25-92
103            </intent-filter>
104        </receiver>
105    </application>
106
107</manifest>